  [1m[36m (166.0ms)[0m  [1mCREATE TABLE "schema_migrations" ("version" varchar NOT NULL) [0m
  [1m[35m (0.0ms)[0m  select sqlite_version(*)
  [1m[36m (72.0ms)[0m  [1mCREATE UNIQUE INDEX "unique_schema_migrations" ON "schema_migrations" ("version")[0m
  [1m[35mActiveRecord::SchemaMigration Load (0.0ms)[0m  SELECT "schema_migrations".* FROM "schema_migrations"
Migrating to CreateEmployees (20160803215110)
  [1m[36m (0.0ms)[0m  [1mbegin transaction[0m
  [1m[35m (0.0ms)[0m  rollback transaction
  [1m[36mActiveRecord::SchemaMigration Load (0.0ms)[0m  [1mSELECT "schema_migrations".* FROM "schema_migrations"[0m
Migrating to CreateEmployees (20160803215503)
  [1m[35m (0.0ms)[0m  begin transaction
  [1m[36m (1.0ms)[0m  [1mCREATE TABLE "employees" ("id" INTEGER PRIMARY KEY AUTOINCREMENT NOT NULL, "name" varchar, "age" integer, "address" text, "country" varchar, "created_at" datetime NOT NULL, "updated_at" datetime NOT NULL) [0m
  [1m[35mSQL (1.0ms)[0m  INSERT INTO "schema_migrations" ("version") VALUES (?)  [["version", "20160803215503"]]
  [1m[36m (94.0ms)[0m  [1mcommit transaction[0m
  [1m[35mActiveRecord::SchemaMigration Load (1.0ms)[0m  SELECT "schema_migrations".* FROM "schema_migrations"


Started GET "/" for 127.0.0.1 at 2016-08-04 03:26:17 +0530
  [1m[36mActiveRecord::SchemaMigration Load (0.0ms)[0m  [1mSELECT "schema_migrations".* FROM "schema_migrations"[0m
Processing by Rails::WelcomeController#index as HTML
  Rendered C:/Ruby22/lib/ruby/gems/2.2.0/gems/railties-4.2.7/lib/rails/templates/rails/welcome/index.html.erb (3.0ms)
Completed 200 OK in 58ms (Views: 41.9ms | ActiveRecord: 0.0ms)


Started GET "/crud/new" for 127.0.0.1 at 2016-08-04 03:26:50 +0530

ActionController::RoutingError (No route matches [GET] "/crud/new"):
  actionpack (4.2.7) lib/action_dispatch/middleware/debug_exceptions.rb:21:in `call'
  web-console (2.3.0) lib/web_console/middleware.rb:28:in `block in call'
  web-console (2.3.0) lib/web_console/middleware.rb:18:in `catch'
  web-console (2.3.0) lib/web_console/middleware.rb:18:in `call'
  actionpack (4.2.7) lib/action_dispatch/middleware/show_exceptions.rb:30:in `call'
  railties (4.2.7) lib/rails/rack/logger.rb:38:in `call_app'
  railties (4.2.7) lib/rails/rack/logger.rb:20:in `block in call'
  activesupport (4.2.7) lib/active_support/tagged_logging.rb:68:in `block in tagged'
  activesupport (4.2.7) lib/active_support/tagged_logging.rb:26:in `tagged'
  activesupport (4.2.7) lib/active_support/tagged_logging.rb:68:in `tagged'
  railties (4.2.7) lib/rails/rack/logger.rb:20:in `call'
  actionpack (4.2.7) lib/action_dispatch/middleware/request_id.rb:21:in `call'
  rack (1.6.4) lib/rack/methodoverride.rb:22:in `call'
  rack (1.6.4) lib/rack/runtime.rb:18:in `call'
  activesupport (4.2.7) lib/active_support/cache/strategy/local_cache_middleware.rb:28:in `call'
  rack (1.6.4) lib/rack/lock.rb:17:in `call'
  actionpack (4.2.7) lib/action_dispatch/middleware/static.rb:120:in `call'
  rack (1.6.4) lib/rack/sendfile.rb:113:in `call'
  railties (4.2.7) lib/rails/engine.rb:518:in `call'
  railties (4.2.7) lib/rails/application.rb:165:in `call'
  rack (1.6.4) lib/rack/lock.rb:17:in `call'
  rack (1.6.4) lib/rack/content_length.rb:15:in `call'
  rack (1.6.4) lib/rack/handler/webrick.rb:88:in `service'
  C:/Ruby22/lib/ruby/2.2.0/webrick/httpserver.rb:138:in `service'
  C:/Ruby22/lib/ruby/2.2.0/webrick/httpserver.rb:94:in `run'
  C:/Ruby22/lib/ruby/2.2.0/webrick/server.rb:294:in `block in start_thread'


  Rendered C:/Ruby22/lib/ruby/gems/2.2.0/gems/actionpack-4.2.7/lib/action_dispatch/middleware/templates/rescues/_trace.html.erb (2.0ms)
  Rendered C:/Ruby22/lib/ruby/gems/2.2.0/gems/actionpack-4.2.7/lib/action_dispatch/middleware/templates/routes/_route.html.erb (2.0ms)
  Rendered C:/Ruby22/lib/ruby/gems/2.2.0/gems/actionpack-4.2.7/lib/action_dispatch/middleware/templates/routes/_table.html.erb (19.0ms)
  Rendered C:/Ruby22/lib/ruby/gems/2.2.0/gems/actionpack-4.2.7/lib/action_dispatch/middleware/templates/rescues/_request_and_response.html.erb (2.0ms)
  Rendered C:/Ruby22/lib/ruby/gems/2.2.0/gems/actionpack-4.2.7/lib/action_dispatch/middleware/templates/rescues/routing_error.html.erb within rescues/layout (1174.1ms)
  Rendered C:/Ruby22/lib/ruby/gems/2.2.0/gems/web-console-2.3.0/lib/web_console/templates/_markup.html.erb (0.0ms)
  Rendered C:/Ruby22/lib/ruby/gems/2.2.0/gems/web-console-2.3.0/lib/web_console/templates/_inner_console_markup.html.erb within layouts/inlined_string (1.0ms)
  Rendered C:/Ruby22/lib/ruby/gems/2.2.0/gems/web-console-2.3.0/lib/web_console/templates/_prompt_box_markup.html.erb within layouts/inlined_string (0.0ms)
  Rendered C:/Ruby22/lib/ruby/gems/2.2.0/gems/web-console-2.3.0/lib/web_console/templates/style.css.erb within layouts/inlined_string (1.0ms)
  Rendered C:/Ruby22/lib/ruby/gems/2.2.0/gems/web-console-2.3.0/lib/web_console/templates/console.js.erb within layouts/javascript (771.0ms)
  Rendered C:/Ruby22/lib/ruby/gems/2.2.0/gems/web-console-2.3.0/lib/web_console/templates/main.js.erb within layouts/javascript (0.0ms)
  Rendered C:/Ruby22/lib/ruby/gems/2.2.0/gems/web-console-2.3.0/lib/web_console/templates/error_page.js.erb within layouts/javascript (0.0ms)
  Rendered C:/Ruby22/lib/ruby/gems/2.2.0/gems/web-console-2.3.0/lib/web_console/templates/index.html.erb (1861.1ms)


Started GET "/" for 127.0.0.1 at 2016-08-04 03:29:41 +0530
Processing by EmployeesController#index as HTML
  [1m[35mEmployee Load (1.0ms)[0m  SELECT "employees".* FROM "employees"
  Rendered employees/index.html.erb within layouts/application (7.0ms)
Completed 200 OK in 1310ms (Views: 1302.7ms | ActiveRecord: 1.0ms)


Started GET "/assets/scaffolds.self-6db65c7c87ce1c2d98912789c25a8d9c653edcfde7c977bbf8fd280fd936d4e9.css?body=1" for 127.0.0.1 at 2016-08-04 03:29:54 +0530


Started GET "/employees/new" for 127.0.0.1 at 2016-08-04 03:30:05 +0530
Processing by EmployeesController#new as HTML
  Rendered employees/_form.html.erb (129.0ms)
  Rendered employees/new.html.erb within layouts/application (140.0ms)
Completed 200 OK in 258ms (Views: 248.4ms | ActiveRecord: 1.0ms)


Started POST "/employees" for 127.0.0.1 at 2016-08-04 03:30:26 +0530
Processing by EmployeesController#create as HTML
  Parameters: {"utf8"=>"✓", "authenticity_token"=>"oxzMcqoh4LXA2fsa0hZDBv3Js9G+JjjBPl63TCgm0zQTm6xpqCF3MvHLZYrsKpOa5wtewtG/yihs4m5m072j1Q==", "employee"=>{"name"=>"pras", "age"=>"21", "address"=>"bjkhjk", "country"=>"qwert"}, "commit"=>"Create Employee"}
  [1m[36m (0.0ms)[0m  [1mbegin transaction[0m
  [1m[35mSQL (14.0ms)[0m  INSERT INTO "employees" ("name", "age", "address", "country", "created_at", "updated_at") VALUES (?, ?, ?, ?, ?, ?)  [["name", "pras"], ["age", 21], ["address", "bjkhjk"], ["country", "qwert"], ["created_at", "2016-08-03 22:00:26.282189"], ["updated_at", "2016-08-03 22:00:26.282189"]]
  [1m[36m (164.0ms)[0m  [1mcommit transaction[0m
Redirected to http://localhost:3000/employees/1
Completed 302 Found in 200ms (ActiveRecord: 178.0ms)


Started GET "/employees/1" for 127.0.0.1 at 2016-08-04 03:30:26 +0530
Processing by EmployeesController#show as HTML
  Parameters: {"id"=>"1"}
  [1m[35mEmployee Load (0.0ms)[0m  SELECT  "employees".* FROM "employees" WHERE "employees"."id" = ? LIMIT 1  [["id", 1]]
  Rendered employees/show.html.erb within layouts/application (3.0ms)
Completed 200 OK in 176ms (Views: 108.8ms | ActiveRecord: 0.0ms)


Started GET "/employees/1/edit" for 127.0.0.1 at 2016-08-04 03:30:29 +0530
Processing by EmployeesController#edit as HTML
  Parameters: {"id"=>"1"}
  [1m[36mEmployee Load (0.0ms)[0m  [1mSELECT  "employees".* FROM "employees" WHERE "employees"."id" = ? LIMIT 1[0m  [["id", 1]]
  Rendered employees/_form.html.erb (3.0ms)
  Rendered employees/edit.html.erb within layouts/application (13.0ms)
Completed 200 OK in 87ms (Views: 82.4ms | ActiveRecord: 0.0ms)


Started PATCH "/employees/1" for 127.0.0.1 at 2016-08-04 03:30:34 +0530
Processing by EmployeesController#update as HTML
  Parameters: {"utf8"=>"✓", "authenticity_token"=>"KMeIM7hqnkyOwZaHDnu5ophCDMf8LNQBK/nlBKqGysqYQOgoumoJy7/TCBcwR2k+goDh1JO1Juh5RTwuUR26Kw==", "employee"=>{"name"=>"pras", "age"=>"21", "address"=>"bjkhjk", "country"=>"qwerty"}, "commit"=>"Update Employee", "id"=>"1"}
  [1m[35mEmployee Load (0.0ms)[0m  SELECT  "employees".* FROM "employees" WHERE "employees"."id" = ? LIMIT 1  [["id", 1]]
  [1m[36m (1.0ms)[0m  [1mbegin transaction[0m
  [1m[35mSQL (2.0ms)[0m  UPDATE "employees" SET "country" = ?, "updated_at" = ? WHERE "employees"."id" = ?  [["country", "qwerty"], ["updated_at", "2016-08-03 22:00:34.788675"], ["id", 1]]
  [1m[36m (142.0ms)[0m  [1mcommit transaction[0m
Redirected to http://localhost:3000/employees/1
Completed 302 Found in 162ms (ActiveRecord: 145.0ms)


Started GET "/employees/1" for 127.0.0.1 at 2016-08-04 03:30:34 +0530
Processing by EmployeesController#show as HTML
  Parameters: {"id"=>"1"}
  [1m[35mEmployee Load (1.0ms)[0m  SELECT  "employees".* FROM "employees" WHERE "employees"."id" = ? LIMIT 1  [["id", 1]]
  Rendered employees/show.html.erb within layouts/application (0.0ms)
Completed 200 OK in 82ms (Views: 77.7ms | ActiveRecord: 1.0ms)


Started GET "/employees/1" for 127.0.0.1 at 2016-08-04 03:37:12 +0530
Processing by EmployeesController#show as HTML
  Parameters: {"id"=>"1"}
  [1m[36mEmployee Load (0.0ms)[0m  [1mSELECT  "employees".* FROM "employees" WHERE "employees"."id" = ? LIMIT 1[0m  [["id", 1]]
  Rendered employees/show.html.erb within layouts/application (2.0ms)
Completed 200 OK in 167ms (Views: 139.0ms | ActiveRecord: 2.0ms)


Started GET "/employees" for 127.0.0.1 at 2016-08-04 03:37:16 +0530
Processing by EmployeesController#index as HTML
  Rendered employees/index.html.erb within layouts/application (122.0ms)
Completed 500 Internal Server Error in 193ms (ActiveRecord: 0.0ms)

SyntaxError (C:/crud/app/views/employees/index.html.erb:26: syntax error, unexpected ':'
        :remote => true, : class => 'delete_Employee' )...
                          ^):
  app/views/employees/index.html.erb:26: syntax error, unexpected ':'


  Rendered C:/Ruby22/lib/ruby/gems/2.2.0/gems/actionpack-4.2.7/lib/action_dispatch/middleware/templates/rescues/_source.erb (1.0ms)
  Rendered C:/Ruby22/lib/ruby/gems/2.2.0/gems/actionpack-4.2.7/lib/action_dispatch/middleware/templates/rescues/_trace.html.erb (6.0ms)
  Rendered C:/Ruby22/lib/ruby/gems/2.2.0/gems/actionpack-4.2.7/lib/action_dispatch/middleware/templates/rescues/_request_and_response.html.erb (2.0ms)
  Rendered C:/Ruby22/lib/ruby/gems/2.2.0/gems/actionpack-4.2.7/lib/action_dispatch/middleware/templates/rescues/diagnostics.html.erb within rescues/layout (841.0ms)
  Rendered C:/Ruby22/lib/ruby/gems/2.2.0/gems/web-console-2.3.0/lib/web_console/templates/_markup.html.erb (1.0ms)
  Rendered C:/Ruby22/lib/ruby/gems/2.2.0/gems/web-console-2.3.0/lib/web_console/templates/_inner_console_markup.html.erb within layouts/inlined_string (0.0ms)
  Rendered C:/Ruby22/lib/ruby/gems/2.2.0/gems/web-console-2.3.0/lib/web_console/templates/_prompt_box_markup.html.erb within layouts/inlined_string (1.0ms)
  Rendered C:/Ruby22/lib/ruby/gems/2.2.0/gems/web-console-2.3.0/lib/web_console/templates/style.css.erb within layouts/inlined_string (0.0ms)
  Rendered C:/Ruby22/lib/ruby/gems/2.2.0/gems/web-console-2.3.0/lib/web_console/templates/console.js.erb within layouts/javascript (766.0ms)
  Rendered C:/Ruby22/lib/ruby/gems/2.2.0/gems/web-console-2.3.0/lib/web_console/templates/main.js.erb within layouts/javascript (1.0ms)
  Rendered C:/Ruby22/lib/ruby/gems/2.2.0/gems/web-console-2.3.0/lib/web_console/templates/error_page.js.erb within layouts/javascript (1.0ms)
  Rendered C:/Ruby22/lib/ruby/gems/2.2.0/gems/web-console-2.3.0/lib/web_console/templates/index.html.erb (1755.1ms)


Started GET "/" for 127.0.0.1 at 2016-08-04 03:37:23 +0530
Processing by EmployeesController#index as HTML
  Rendered employees/index.html.erb within layouts/application (2.0ms)
Completed 500 Internal Server Error in 42ms (ActiveRecord: 0.0ms)

SyntaxError (C:/crud/app/views/employees/index.html.erb:26: syntax error, unexpected ':'
        :remote => true, : class => 'delete_Employee' )...
                          ^):
  app/views/employees/index.html.erb:26: syntax error, unexpected ':'


  Rendered C:/Ruby22/lib/ruby/gems/2.2.0/gems/actionpack-4.2.7/lib/action_dispatch/middleware/templates/rescues/_source.erb (1.0ms)
  Rendered C:/Ruby22/lib/ruby/gems/2.2.0/gems/actionpack-4.2.7/lib/action_dispatch/middleware/templates/rescues/_trace.html.erb (5.0ms)
  Rendered C:/Ruby22/lib/ruby/gems/2.2.0/gems/actionpack-4.2.7/lib/action_dispatch/middleware/templates/rescues/_request_and_response.html.erb (1.0ms)
  Rendered C:/Ruby22/lib/ruby/gems/2.2.0/gems/actionpack-4.2.7/lib/action_dispatch/middleware/templates/rescues/diagnostics.html.erb within rescues/layout (844.0ms)
  Rendered C:/Ruby22/lib/ruby/gems/2.2.0/gems/web-console-2.3.0/lib/web_console/templates/_markup.html.erb (0.0ms)
  Rendered C:/Ruby22/lib/ruby/gems/2.2.0/gems/web-console-2.3.0/lib/web_console/templates/_inner_console_markup.html.erb within layouts/inlined_string (1.0ms)
  Rendered C:/Ruby22/lib/ruby/gems/2.2.0/gems/web-console-2.3.0/lib/web_console/templates/_prompt_box_markup.html.erb within layouts/inlined_string (1.0ms)
  Rendered C:/Ruby22/lib/ruby/gems/2.2.0/gems/web-console-2.3.0/lib/web_console/templates/style.css.erb within layouts/inlined_string (1.0ms)
  Rendered C:/Ruby22/lib/ruby/gems/2.2.0/gems/web-console-2.3.0/lib/web_console/templates/console.js.erb within layouts/javascript (770.0ms)
  Rendered C:/Ruby22/lib/ruby/gems/2.2.0/gems/web-console-2.3.0/lib/web_console/templates/main.js.erb within layouts/javascript (1.0ms)
  Rendered C:/Ruby22/lib/ruby/gems/2.2.0/gems/web-console-2.3.0/lib/web_console/templates/error_page.js.erb within layouts/javascript (0.0ms)
  Rendered C:/Ruby22/lib/ruby/gems/2.2.0/gems/web-console-2.3.0/lib/web_console/templates/index.html.erb (1871.1ms)


Started GET "/" for 127.0.0.1 at 2016-08-04 03:37:59 +0530
Processing by EmployeesController#index as HTML
  Rendered employees/index.html.erb within layouts/application (2.0ms)
Completed 500 Internal Server Error in 53ms (ActiveRecord: 0.0ms)

SyntaxError (C:/crud/app/views/employees/index.html.erb:26: syntax error, unexpected =>
...     :remote => true,  class => 'delete_Employee');@output_b...
...                               ^):
  app/views/employees/index.html.erb:26: syntax error, unexpected =>


  Rendered C:/Ruby22/lib/ruby/gems/2.2.0/gems/actionpack-4.2.7/lib/action_dispatch/middleware/templates/rescues/_source.erb (1.0ms)
  Rendered C:/Ruby22/lib/ruby/gems/2.2.0/gems/actionpack-4.2.7/lib/action_dispatch/middleware/templates/rescues/_trace.html.erb (5.0ms)
  Rendered C:/Ruby22/lib/ruby/gems/2.2.0/gems/actionpack-4.2.7/lib/action_dispatch/middleware/templates/rescues/_request_and_response.html.erb (1.0ms)
  Rendered C:/Ruby22/lib/ruby/gems/2.2.0/gems/actionpack-4.2.7/lib/action_dispatch/middleware/templates/rescues/diagnostics.html.erb within rescues/layout (869.1ms)
  Rendered C:/Ruby22/lib/ruby/gems/2.2.0/gems/web-console-2.3.0/lib/web_console/templates/_markup.html.erb (0.0ms)
  Rendered C:/Ruby22/lib/ruby/gems/2.2.0/gems/web-console-2.3.0/lib/web_console/templates/_inner_console_markup.html.erb within layouts/inlined_string (1.0ms)
  Rendered C:/Ruby22/lib/ruby/gems/2.2.0/gems/web-console-2.3.0/lib/web_console/templates/_prompt_box_markup.html.erb within layouts/inlined_string (0.0ms)
  Rendered C:/Ruby22/lib/ruby/gems/2.2.0/gems/web-console-2.3.0/lib/web_console/templates/style.css.erb within layouts/inlined_string (1.0ms)
  Rendered C:/Ruby22/lib/ruby/gems/2.2.0/gems/web-console-2.3.0/lib/web_console/templates/console.js.erb within layouts/javascript (888.1ms)
  Rendered C:/Ruby22/lib/ruby/gems/2.2.0/gems/web-console-2.3.0/lib/web_console/templates/main.js.erb within layouts/javascript (0.0ms)
  Rendered C:/Ruby22/lib/ruby/gems/2.2.0/gems/web-console-2.3.0/lib/web_console/templates/error_page.js.erb within layouts/javascript (0.0ms)
  Rendered C:/Ruby22/lib/ruby/gems/2.2.0/gems/web-console-2.3.0/lib/web_console/templates/index.html.erb (1894.1ms)


Started GET "/" for 127.0.0.1 at 2016-08-04 03:38:27 +0530
Processing by EmployeesController#index as HTML
  [1m[35mEmployee Load (0.0ms)[0m  SELECT "employees".* FROM "employees"
  Rendered employees/index.html.erb within layouts/application (5.0ms)
Completed 200 OK in 104ms (Views: 102.6ms | ActiveRecord: 0.0ms)


Started GET "/employees/new" for 127.0.0.1 at 2016-08-04 03:38:32 +0530
Processing by EmployeesController#new as HTML
  Rendered employees/_form.html.erb (4.0ms)
  Rendered employees/new.html.erb within layouts/application (16.0ms)
Completed 200 OK in 86ms (Views: 84.2ms | ActiveRecord: 0.0ms)


Started POST "/employees" for 127.0.0.1 at 2016-08-04 03:38:55 +0530
Processing by EmployeesController#create as HTML
  Parameters: {"utf8"=>"✓", "authenticity_token"=>"3O3Wkx+JHHRQif2l7Z6ozL+GUKQ/ElkPR67SSiMvWzJsaraIHYmL82GbYzXTonhQpUS9t1CLq+YVEgtg2LQr0w==", "employee"=>{"name"=>"xyz", "age"=>"25", "address"=>"bgfkjsj gskjfghskj", "country"=>"jgdjhjkhdg"}, "commit"=>"Create Employee"}
  [1m[36m (1.0ms)[0m  [1mbegin transaction[0m
  [1m[35mSQL (1.0ms)[0m  INSERT INTO "employees" ("name", "age", "address", "country", "created_at", "updated_at") VALUES (?, ?, ?, ?, ?, ?)  [["name", "xyz"], ["age", 25], ["address", "bgfkjsj gskjfghskj"], ["country", "jgdjhjkhdg"], ["created_at", "2016-08-03 22:08:55.368806"], ["updated_at", "2016-08-03 22:08:55.368806"]]
  [1m[36m (194.0ms)[0m  [1mcommit transaction[0m
Redirected to http://localhost:3000/employees/2
Completed 302 Found in 207ms (ActiveRecord: 196.0ms)


Started GET "/employees/2" for 127.0.0.1 at 2016-08-04 03:38:55 +0530
Processing by EmployeesController#show as HTML
  Parameters: {"id"=>"2"}
  [1m[35mEmployee Load (1.0ms)[0m  SELECT  "employees".* FROM "employees" WHERE "employees"."id" = ? LIMIT 1  [["id", 2]]
  Rendered employees/show.html.erb within layouts/application (1.0ms)
Completed 200 OK in 99ms (Views: 95.6ms | ActiveRecord: 1.0ms)


Started GET "/employees" for 127.0.0.1 at 2016-08-04 03:38:58 +0530
Processing by EmployeesController#index as HTML
  [1m[36mEmployee Load (0.0ms)[0m  [1mSELECT "employees".* FROM "employees"[0m
  Rendered employees/index.html.erb within layouts/application (5.0ms)
Completed 200 OK in 69ms (Views: 68.3ms | ActiveRecord: 0.0ms)


Started DELETE "/employees/2" for 127.0.0.1 at 2016-08-04 03:39:05 +0530
Processing by EmployeesController#destroy as JS
  Parameters: {"id"=>"2"}
  [1m[35mEmployee Load (0.0ms)[0m  SELECT  "employees".* FROM "employees" WHERE "employees"."id" = ? LIMIT 1  [["id", 2]]
  [1m[36mCACHE (0.0ms)[0m  [1mSELECT  "employees".* FROM "employees" WHERE "employees"."id" = ? LIMIT 1[0m  [["id", "2"]]
  [1m[35m (0.0ms)[0m  begin transaction
  [1m[36mSQL (0.0ms)[0m  [1mDELETE FROM "employees" WHERE "employees"."id" = ?[0m  [["id", 2]]
  [1m[35m (121.1ms)[0m  commit transaction
  Rendered employees/destroy.js.erb (15.6ms)
Completed 200 OK in 178ms (Views: 39.9ms | ActiveRecord: 121.1ms)


Started DELETE "/employees/2" for 127.0.0.1 at 2016-08-04 03:39:11 +0530
Processing by EmployeesController#destroy as JS
  Parameters: {"id"=>"2"}
  [1m[36mEmployee Load (0.0ms)[0m  [1mSELECT  "employees".* FROM "employees" WHERE "employees"."id" = ? LIMIT 1[0m  [["id", 2]]
Completed 404 Not Found in 18ms (ActiveRecord: 0.0ms)

ActiveRecord::RecordNotFound (Couldn't find Employee with 'id'=2):
  app/controllers/employees_controller.rb:69:in `set_employee'


  Rendered C:/Ruby22/lib/ruby/gems/2.2.0/gems/actionpack-4.2.7/lib/action_dispatch/middleware/templates/rescues/_source.erb (0.0ms)
  Rendered C:/Ruby22/lib/ruby/gems/2.2.0/gems/actionpack-4.2.7/lib/action_dispatch/middleware/templates/rescues/_trace.text.erb (0.0ms)
  Rendered C:/Ruby22/lib/ruby/gems/2.2.0/gems/actionpack-4.2.7/lib/action_dispatch/middleware/templates/rescues/_request_and_response.text.erb (0.0ms)
  Rendered C:/Ruby22/lib/ruby/gems/2.2.0/gems/actionpack-4.2.7/lib/action_dispatch/middleware/templates/rescues/diagnostics.text.erb (826.9ms)


Started DELETE "/employees/2" for 127.0.0.1 at 2016-08-04 03:39:17 +0530
Processing by EmployeesController#destroy as JS
  Parameters: {"id"=>"2"}
  [1m[35mEmployee Load (0.0ms)[0m  SELECT  "employees".* FROM "employees" WHERE "employees"."id" = ? LIMIT 1  [["id", 2]]
Completed 404 Not Found in 0ms (ActiveRecord: 0.0ms)

ActiveRecord::RecordNotFound (Couldn't find Employee with 'id'=2):
  app/controllers/employees_controller.rb:69:in `set_employee'


  Rendered C:/Ruby22/lib/ruby/gems/2.2.0/gems/actionpack-4.2.7/lib/action_dispatch/middleware/templates/rescues/_source.erb (0.0ms)
  Rendered C:/Ruby22/lib/ruby/gems/2.2.0/gems/actionpack-4.2.7/lib/action_dispatch/middleware/templates/rescues/_trace.text.erb (0.0ms)
  Rendered C:/Ruby22/lib/ruby/gems/2.2.0/gems/actionpack-4.2.7/lib/action_dispatch/middleware/templates/rescues/_request_and_response.text.erb (0.0ms)
  Rendered C:/Ruby22/lib/ruby/gems/2.2.0/gems/actionpack-4.2.7/lib/action_dispatch/middleware/templates/rescues/diagnostics.text.erb (835.8ms)


Started GET "/employees" for 127.0.0.1 at 2016-08-04 03:40:42 +0530
Processing by EmployeesController#index as HTML
  [1m[36mEmployee Load (0.0ms)[0m  [1mSELECT "employees".* FROM "employees"[0m
  Rendered employees/index.html.erb within layouts/application (4.0ms)
Completed 200 OK in 73ms (Views: 70.5ms | ActiveRecord: 0.0ms)


Started GET "/employees/new" for 127.0.0.1 at 2016-08-04 03:40:47 +0530
Processing by EmployeesController#new as HTML
  Rendered employees/_form.html.erb (0.0ms)
  Rendered employees/new.html.erb within layouts/application (15.6ms)
Completed 200 OK in 65ms (Views: 66.3ms | ActiveRecord: 0.0ms)


Started POST "/employees" for 127.0.0.1 at 2016-08-04 03:40:57 +0530
Processing by EmployeesController#create as HTML
  Parameters: {"utf8"=>"✓", "authenticity_token"=>"wFoK0+nV6oWAUiSWhyJ2lqB+kzgOeVja4DaA84o4PRZw3WrI69V9ArFAuga5HqYKurx+K2HgqjOyilnZcaNN9w==", "employee"=>{"name"=>"ser", "age"=>"45", "address"=>"fghmfmh", "country"=>"etrrty"}, "commit"=>"Create Employee"}
  [1m[35m (0.0ms)[0m  begin transaction
  [1m[36mSQL (1.0ms)[0m  [1mINSERT INTO "employees" ("name", "age", "address", "country", "created_at", "updated_at") VALUES (?, ?, ?, ?, ?, ?)[0m  [["name", "ser"], ["age", 45], ["address", "fghmfmh"], ["country", "etrrty"], ["created_at", "2016-08-03 22:10:57.895970"], ["updated_at", "2016-08-03 22:10:57.895970"]]
  [1m[35m (184.0ms)[0m  commit transaction
Redirected to http://localhost:3000/employees/3
Completed 302 Found in 193ms (ActiveRecord: 185.0ms)


Started GET "/employees/3" for 127.0.0.1 at 2016-08-04 03:40:58 +0530
Processing by EmployeesController#show as HTML
  Parameters: {"id"=>"3"}
  [1m[36mEmployee Load (1.0ms)[0m  [1mSELECT  "employees".* FROM "employees" WHERE "employees"."id" = ? LIMIT 1[0m  [["id", 3]]
  Rendered employees/show.html.erb within layouts/application (0.0ms)
Completed 200 OK in 71ms (Views: 67.2ms | ActiveRecord: 1.0ms)


Started GET "/employees" for 127.0.0.1 at 2016-08-04 03:41:00 +0530
Processing by EmployeesController#index as HTML
  [1m[35mEmployee Load (0.0ms)[0m  SELECT "employees".* FROM "employees"
  Rendered employees/index.html.erb within layouts/application (0.0ms)
Completed 200 OK in 54ms (Views: 60.9ms | ActiveRecord: 0.0ms)


Started DELETE "/employees/3" for 127.0.0.1 at 2016-08-04 03:41:06 +0530
Processing by EmployeesController#destroy as JS
  Parameters: {"id"=>"3"}
  [1m[36mEmployee Load (0.0ms)[0m  [1mSELECT  "employees".* FROM "employees" WHERE "employees"."id" = ? LIMIT 1[0m  [["id", 3]]
  [1m[35mCACHE (0.0ms)[0m  SELECT  "employees".* FROM "employees" WHERE "employees"."id" = ? LIMIT 1  [["id", "3"]]
  [1m[36m (0.0ms)[0m  [1mbegin transaction[0m
  [1m[35mSQL (1.0ms)[0m  DELETE FROM "employees" WHERE "employees"."id" = ?  [["id", 3]]
  [1m[36m (110.6ms)[0m  [1mcommit transaction[0m
  Rendered employees/destroy.js.erb (0.0ms)
Completed 200 OK in 147ms (Views: 30.3ms | ActiveRecord: 111.6ms)


Started GET "/" for 127.0.0.1 at 2016-08-04 04:07:35 +0530
Processing by EmployeesController#index as HTML
  Rendered employees/index.html.erb within layouts/application (0.0ms)
Completed 200 OK in 62ms (Views: 63.3ms | ActiveRecord: 0.0ms)


Started GET "/" for 127.0.0.1 at 2016-08-04 04:07:35 +0530
Processing by EmployeesController#index as HTML
  Rendered employees/index.html.erb within layouts/application (0.0ms)
Completed 200 OK in 67ms (Views: 66.7ms | ActiveRecord: 0.0ms)


Started GET "/" for 127.0.0.1 at 2016-08-04 04:07:39 +0530
Processing by EmployeesController#index as HTML
  Rendered employees/index.html.erb within layouts/application (0.0ms)
Completed 200 OK in 68ms (Views: 56.2ms | ActiveRecord: 0.0ms)


Started GET "/employees/new" for 127.0.0.1 at 2016-08-04 04:07:41 +0530
Processing by EmployeesController#new as HTML
  Rendered employees/_form.html.erb (15.6ms)
  Rendered employees/new.html.erb within layouts/application (15.6ms)
Completed 200 OK in 65ms (Views: 68.8ms | ActiveRecord: 0.0ms)


Started POST "/employees" for 127.0.0.1 at 2016-08-04 04:07:44 +0530
Processing by EmployeesController#create as HTML
  Parameters: {"utf8"=>"✓", "authenticity_token"=>"GbeByPD6Ui1mKnK7DJG7AfEo5uJmx/+8i0EBbghB6kipMOHT8vrFqlc47CsyrWud6+oL8QleDVXZ/dhE89qaqQ==", "employee"=>{"name"=>"", "age"=>"", "address"=>"", "country"=>""}, "commit"=>"Create Employee"}
  [1m[35m (0.0ms)[0m  begin transaction
  [1m[36mSQL (1.0ms)[0m  [1mINSERT INTO "employees" ("name", "address", "country", "created_at", "updated_at") VALUES (?, ?, ?, ?, ?)[0m  [["name", ""], ["address", ""], ["country", ""], ["created_at", "2016-08-03 22:37:44.092835"], ["updated_at", "2016-08-03 22:37:44.092835"]]
  [1m[35m (136.0ms)[0m  commit transaction
Redirected to http://localhost:3000/employees/4
Completed 302 Found in 146ms (ActiveRecord: 137.0ms)


Started GET "/employees/4" for 127.0.0.1 at 2016-08-04 04:07:44 +0530
Processing by EmployeesController#show as HTML
  Parameters: {"id"=>"4"}
  [1m[36mEmployee Load (0.0ms)[0m  [1mSELECT  "employees".* FROM "employees" WHERE "employees"."id" = ? LIMIT 1[0m  [["id", 4]]
  Rendered employees/show.html.erb within layouts/application (0.0ms)
Completed 200 OK in 59ms (Views: 55.9ms | ActiveRecord: 0.0ms)


Started GET "/employees/4" for 127.0.0.1 at 2016-08-04 04:07:56 +0530
Processing by EmployeesController#show as HTML
  Parameters: {"id"=>"4"}
  [1m[35mEmployee Load (0.0ms)[0m  SELECT  "employees".* FROM "employees" WHERE "employees"."id" = ? LIMIT 1  [["id", 4]]
  Rendered employees/show.html.erb within layouts/application (0.0ms)
Completed 200 OK in 62ms (Views: 58.9ms | ActiveRecord: 0.0ms)


Started GET "/assets/employees.self-e3b0c44298fc1c149afbf4c8996fb92427ae41e4649b934ca495991b7852b855.css?body=1" for 127.0.0.1 at 2016-08-04 04:07:56 +0530


Started GET "/assets/scaffolds.self-6db65c7c87ce1c2d98912789c25a8d9c653edcfde7c977bbf8fd280fd936d4e9.css?body=1" for 127.0.0.1 at 2016-08-04 04:07:56 +0530


Started GET "/assets/application.self-e80e8f2318043e8af94dddc2adad5a4f09739a8ebb323b3ab31cd71d45fd9113.css?body=1" for 127.0.0.1 at 2016-08-04 04:07:56 +0530


Started GET "/assets/jquery.self-660adc51e0224b731d29f575a6f1ec167ba08ad06ed5deca4f1e8654c135bf4c.js?body=1" for 127.0.0.1 at 2016-08-04 04:07:56 +0530


Started GET "/assets/jquery_ujs.self-e87806d0cf4489aeb1bb7288016024e8de67fd18db693fe026fe3907581e53cd.js?body=1" for 127.0.0.1 at 2016-08-04 04:07:56 +0530


Started GET "/assets/turbolinks.self-c5acd7a204f5f25ce7a1d8a0e4d92e28d34c9e2df2c7371cd7af88e147e4ad82.js?body=1" for 127.0.0.1 at 2016-08-04 04:07:56 +0530


Started GET "/assets/employees.self-877aef30ae1b040ab8a3aba4e3e309a11d7f2612f44dde450b5c157aa5f95c05.js?body=1" for 127.0.0.1 at 2016-08-04 04:07:57 +0530


Started GET "/assets/application.self-3b8dabdc891efe46b9a144b400ad69e37d7e5876bdc39dee783419a69d7ca819.js?body=1" for 127.0.0.1 at 2016-08-04 04:07:57 +0530


Started GET "/employees" for 127.0.0.1 at 2016-08-04 04:08:04 +0530
Processing by EmployeesController#index as HTML
  Rendered employees/index.html.erb within layouts/application (0.0ms)
Completed 200 OK in 54ms (Views: 58.8ms | ActiveRecord: 0.0ms)


Started GET "/employees/new" for 127.0.0.1 at 2016-08-04 04:08:06 +0530
Processing by EmployeesController#new as HTML
  Rendered employees/_form.html.erb (3.0ms)
  Rendered employees/new.html.erb within layouts/application (13.0ms)
Completed 200 OK in 77ms (Views: 75.8ms | ActiveRecord: 0.0ms)


Started POST "/employees" for 127.0.0.1 at 2016-08-04 04:08:09 +0530
Processing by EmployeesController#create as HTML
  Parameters: {"utf8"=>"✓", "authenticity_token"=>"oQjHu0kXspl6hLot2wztKF0xKzOjINIz/WZNlzR6TjoRj6egSxclHkuWJL3lMD20R/PGIMy5INqv2pS9z+E+2w==", "employee"=>{"name"=>"", "age"=>"", "address"=>"", "country"=>""}, "commit"=>"Create Employee"}
  [1m[36m (0.0ms)[0m  [1mbegin transaction[0m
  [1m[35mSQL (1.0ms)[0m  INSERT INTO "employees" ("name", "address", "country", "created_at", "updated_at") VALUES (?, ?, ?, ?, ?)  [["name", ""], ["address", ""], ["country", ""], ["created_at", "2016-08-03 22:38:09.031797"], ["updated_at", "2016-08-03 22:38:09.031797"]]
  [1m[36m (229.0ms)[0m  [1mcommit transaction[0m
Redirected to http://localhost:3000/employees/5
Completed 302 Found in 239ms (ActiveRecord: 230.0ms)


Started GET "/employees/5" for 127.0.0.1 at 2016-08-04 04:08:09 +0530
Processing by EmployeesController#show as HTML
  Parameters: {"id"=>"5"}
  [1m[35mEmployee Load (0.0ms)[0m  SELECT  "employees".* FROM "employees" WHERE "employees"."id" = ? LIMIT 1  [["id", 5]]
  Rendered employees/show.html.erb within layouts/application (1.0ms)
Completed 200 OK in 72ms (Views: 68.5ms | ActiveRecord: 0.0ms)


Started GET "/employees" for 127.0.0.1 at 2016-08-04 04:08:11 +0530
Processing by EmployeesController#index as HTML
  Rendered employees/index.html.erb within layouts/application (0.0ms)
Completed 200 OK in 46ms (Views: 54.9ms | ActiveRecord: 0.0ms)


Started GET "/employees" for 127.0.0.1 at 2016-08-04 04:09:28 +0530
Processing by EmployeesController#index as HTML
  [1m[36mEmployee Load (1.0ms)[0m  [1mSELECT "employees".* FROM "employees"[0m
  Rendered employees/index.html.erb within layouts/application (6.0ms)
Completed 200 OK in 109ms (Views: 106.4ms | ActiveRecord: 1.0ms)


Started GET "/" for 127.0.0.1 at 2016-08-04 14:18:31 +0530
  [1m[36mActiveRecord::SchemaMigration Load (1.0ms)[0m  [1mSELECT "schema_migrations".* FROM "schema_migrations"[0m
Processing by EmployeesController#index as HTML
  [1m[35mEmployee Load (1.0ms)[0m  SELECT "employees".* FROM "employees"
  Rendered employees/index.html.erb within layouts/application (29.0ms)
Completed 200 OK in 766ms (Views: 716.0ms | ActiveRecord: 1.0ms)


Started DELETE "/employees/4" for 127.0.0.1 at 2016-08-04 14:18:52 +0530
Processing by EmployeesController#destroy as JS
  Parameters: {"id"=>"4"}
  [1m[36mEmployee Load (1.0ms)[0m  [1mSELECT  "employees".* FROM "employees" WHERE "employees"."id" = ? LIMIT 1[0m  [["id", 4]]
  [1m[35mCACHE (0.0ms)[0m  SELECT  "employees".* FROM "employees" WHERE "employees"."id" = ? LIMIT 1  [["id", "4"]]
  [1m[36m (1.0ms)[0m  [1mbegin transaction[0m
  [1m[35mSQL (2.0ms)[0m  DELETE FROM "employees" WHERE "employees"."id" = ?  [["id", 4]]
  [1m[36m (380.0ms)[0m  [1mcommit transaction[0m
  Rendered employees/destroy.js.erb (1.0ms)
Completed 200 OK in 985ms (Views: 29.9ms | ActiveRecord: 384.0ms)


Started DELETE "/employees/5" for 127.0.0.1 at 2016-08-04 14:18:55 +0530
Processing by EmployeesController#destroy as JS
  Parameters: {"id"=>"5"}
  [1m[35mEmployee Load (0.0ms)[0m  SELECT  "employees".* FROM "employees" WHERE "employees"."id" = ? LIMIT 1  [["id", 5]]
  [1m[36mCACHE (0.0ms)[0m  [1mSELECT  "employees".* FROM "employees" WHERE "employees"."id" = ? LIMIT 1[0m  [["id", "5"]]
  [1m[35m (0.0ms)[0m  begin transaction
  [1m[36mSQL (1.0ms)[0m  [1mDELETE FROM "employees" WHERE "employees"."id" = ?[0m  [["id", 5]]
  [1m[35m (402.0ms)[0m  commit transaction
  Rendered employees/destroy.js.erb (0.0ms)
Completed 200 OK in 442ms (Views: 33.4ms | ActiveRecord: 403.0ms)


Started GET "/employees/new" for 127.0.0.1 at 2016-08-04 14:18:57 +0530
Processing by EmployeesController#new as HTML
  Rendered employees/_form.html.erb (225.0ms)
  Rendered employees/new.html.erb within layouts/application (283.0ms)
Completed 200 OK in 353ms (Views: 351.6ms | ActiveRecord: 0.0ms)


Started GET "/employees" for 127.0.0.1 at 2016-08-04 14:24:38 +0530
Processing by EmployeesController#index as HTML
  [1m[36mEmployee Load (1.0ms)[0m  [1mSELECT "employees".* FROM "employees"[0m
  Rendered employees/index.html.erb within layouts/application (2.0ms)
Completed 200 OK in 63ms (Views: 61.5ms | ActiveRecord: 1.0ms)


Started GET "/employees/new" for 127.0.0.1 at 2016-08-04 14:24:43 +0530
Processing by EmployeesController#new as HTML
  Rendered employees/_form.html.erb (3.0ms)
  Rendered employees/new.html.erb within layouts/application (14.0ms)
Completed 200 OK in 101ms (Views: 99.7ms | ActiveRecord: 0.0ms)


Started POST "/employees" for 127.0.0.1 at 2016-08-04 14:24:58 +0530
Processing by EmployeesController#create as HTML
  Parameters: {"utf8"=>"✓", "authenticity_token"=>"wdQiVk7EtSDlrDvJQSIHRomjJRfc+aQUIQYbdgb/nps+aJHw6m9y0BgpkD6pCTFYosdIFGTg/obW7Nkj85eMYQ==", "employee"=>{"name"=>"hsk", "age"=>"85", "address"=>"gfsjhjdQ", "country"=>"HJFDZHJDF"}, "commit"=>"Create Employee"}
  [1m[35m (0.0ms)[0m  begin transaction
  [1m[36mSQL (1.0ms)[0m  [1mINSERT INTO "employees" ("name", "age", "address", "country", "created_at", "updated_at") VALUES (?, ?, ?, ?, ?, ?)[0m  [["name", "hsk"], ["age", 85], ["address", "gfsjhjdQ"], ["country", "HJFDZHJDF"], ["created_at", "2016-08-04 08:54:58.894142"], ["updated_at", "2016-08-04 08:54:58.894142"]]
  [1m[35m (116.0ms)[0m  commit transaction
Redirected to http://localhost:3000/employees/6
Completed 302 Found in 130ms (ActiveRecord: 117.0ms)


Started GET "/employees/6" for 127.0.0.1 at 2016-08-04 14:24:59 +0530
Processing by EmployeesController#show as HTML
  Parameters: {"id"=>"6"}
  [1m[36mEmployee Load (0.0ms)[0m  [1mSELECT  "employees".* FROM "employees" WHERE "employees"."id" = ? LIMIT 1[0m  [["id", 6]]
  Rendered employees/show.html.erb within layouts/application (1.0ms)
Completed 200 OK in 73ms (Views: 69.4ms | ActiveRecord: 0.0ms)


Started GET "/employees" for 127.0.0.1 at 2016-08-04 14:25:01 +0530
Processing by EmployeesController#index as HTML
  [1m[35mEmployee Load (1.0ms)[0m  SELECT "employees".* FROM "employees"
  Rendered employees/index.html.erb within layouts/application (2.0ms)
Completed 200 OK in 65ms (Views: 63.9ms | ActiveRecord: 1.0ms)


Started GET "/employees" for 127.0.0.1 at 2016-08-04 14:25:04 +0530
Processing by EmployeesController#index as HTML
  [1m[36mEmployee Load (0.0ms)[0m  [1mSELECT "employees".* FROM "employees"[0m
  Rendered employees/index.html.erb within layouts/application (3.0ms)
Completed 200 OK in 86ms (Views: 85.0ms | ActiveRecord: 0.0ms)


Started GET "/employees" for 127.0.0.1 at 2016-08-04 14:25:06 +0530
Processing by EmployeesController#index as HTML
  [1m[35mEmployee Load (1.0ms)[0m  SELECT "employees".* FROM "employees"
  Rendered employees/index.html.erb within layouts/application (2.0ms)
Completed 200 OK in 81ms (Views: 79.9ms | ActiveRecord: 1.0ms)


Started GET "/employees/1/edit" for 127.0.0.1 at 2016-08-04 14:25:08 +0530
Processing by EmployeesController#edit as HTML
  Parameters: {"id"=>"1"}
  [1m[36mEmployee Load (1.0ms)[0m  [1mSELECT  "employees".* FROM "employees" WHERE "employees"."id" = ? LIMIT 1[0m  [["id", 1]]
  Rendered employees/_form.html.erb (3.0ms)
  Rendered employees/edit.html.erb within layouts/application (14.0ms)
Completed 200 OK in 95ms (Views: 89.9ms | ActiveRecord: 1.0ms)


Started PATCH "/employees/1" for 127.0.0.1 at 2016-08-04 14:25:13 +0530
Processing by EmployeesController#update as HTML
  Parameters: {"utf8"=>"✓", "authenticity_token"=>"7rrIp0NFPgpRViXBlRYm7yxl7e3oZ0QbTPm2rJieFXsRBnsB5+75+qzTjjZ9PRDxBwGA7lB+Hom7E3T5bfYHgQ==", "employee"=>{"name"=>"pras", "age"=>"24", "address"=>"bjkhjk", "country"=>"qwerty"}, "commit"=>"Update Employee", "id"=>"1"}
  [1m[35mEmployee Load (1.0ms)[0m  SELECT  "employees".* FROM "employees" WHERE "employees"."id" = ? LIMIT 1  [["id", 1]]
  [1m[36m (0.0ms)[0m  [1mbegin transaction[0m
  [1m[35mSQL (1.0ms)[0m  UPDATE "employees" SET "age" = ?, "updated_at" = ? WHERE "employees"."id" = ?  [["age", 24], ["updated_at", "2016-08-04 08:55:13.139957"], ["id", 1]]
  [1m[36m (191.0ms)[0m  [1mcommit transaction[0m
Redirected to http://localhost:3000/employees/1
Completed 302 Found in 207ms (ActiveRecord: 193.0ms)


Started GET "/employees/1" for 127.0.0.1 at 2016-08-04 14:25:13 +0530
Processing by EmployeesController#show as HTML
  Parameters: {"id"=>"1"}
  [1m[35mEmployee Load (0.0ms)[0m  SELECT  "employees".* FROM "employees" WHERE "employees"."id" = ? LIMIT 1  [["id", 1]]
  Rendered employees/show.html.erb within layouts/application (1.0ms)
Completed 200 OK in 79ms (Views: 74.5ms | ActiveRecord: 0.0ms)


Started GET "/employees" for 127.0.0.1 at 2016-08-04 14:25:15 +0530
Processing by EmployeesController#index as HTML
  [1m[36mEmployee Load (1.0ms)[0m  [1mSELECT "employees".* FROM "employees"[0m
  Rendered employees/index.html.erb within layouts/application (2.0ms)
Completed 200 OK in 70ms (Views: 68.1ms | ActiveRecord: 1.0ms)


Started GET "/" for 127.0.0.1 at 2016-08-11 10:28:49 +0530
  [1m[36mActiveRecord::SchemaMigration Load (0.0ms)[0m  [1mSELECT "schema_migrations".* FROM "schema_migrations"[0m
Processing by EmployeesController#index as HTML
  [1m[35mEmployee Load (0.0ms)[0m  SELECT "employees".* FROM "employees"
  Rendered employees/index.html.erb within layouts/application (24.0ms)
Completed 200 OK in 607ms (Views: 566.2ms | ActiveRecord: 0.0ms)


Started GET "/" for 127.0.0.1 at 2016-08-11 10:29:01 +0530
Processing by EmployeesController#index as HTML
  [1m[36mEmployee Load (0.0ms)[0m  [1mSELECT "employees".* FROM "employees"[0m
  Rendered employees/index.html.erb within layouts/application (2.0ms)
Completed 200 OK in 57ms (Views: 56.7ms | ActiveRecord: 0.0ms)


Started GET "/assets/employees.self-e3b0c44298fc1c149afbf4c8996fb92427ae41e4649b934ca495991b7852b855.css?body=1" for 127.0.0.1 at 2016-08-11 10:29:02 +0530


Started GET "/assets/scaffolds.self-6db65c7c87ce1c2d98912789c25a8d9c653edcfde7c977bbf8fd280fd936d4e9.css?body=1" for 127.0.0.1 at 2016-08-11 10:29:02 +0530


Started GET "/assets/employees.self-877aef30ae1b040ab8a3aba4e3e309a11d7f2612f44dde450b5c157aa5f95c05.js?body=1" for 127.0.0.1 at 2016-08-11 10:29:02 +0530


Started GET "/employees/1" for 127.0.0.1 at 2016-08-11 10:29:16 +0530
Processing by EmployeesController#show as HTML
  Parameters: {"id"=>"1"}
  [1m[35mEmployee Load (1.0ms)[0m  SELECT  "employees".* FROM "employees" WHERE "employees"."id" = ? LIMIT 1  [["id", 1]]
  Rendered employees/show.html.erb within layouts/application (15.6ms)
Completed 200 OK in 171ms (Views: 152.7ms | ActiveRecord: 1.0ms)
